<?xml version="1.0" encoding="UTF-8"?>
<testsuite xmlns:xsi="http://www.w3.org/2001/XMLSchema-instance" xsi:noNamespaceSchemaLocation="https://maven.apache.org/surefire/maven-surefire-plugin/xsd/surefire-test-report.xsd" name="cl.kibernumacademy.service.NotificationManagerTest" time="1.437" tests="2" errors="0" skipped="0" failures="0">
  <properties>
[...]
</properties>
  <testcase name="enviarNotificacionEmail{String, String, String}[1]" classname="cl.kibernumacademy.service.NotificationManagerTest" time="1.283"/>
  <testcase name="enviarNotificacionEmail{String, String, String}[2]" classname="cl.kibernumacademy.service.NotificationManagerTest" time="0.002"/>
</testsuite>